<?xml version="1.0" encoding="UTF-8"?>
<testsuite xmlns:xsi="http://www.w3.org/2001/XMLSchema-instance" xsi:noNamespaceSchemaLocation="https://maven.apache.org/surefire/maven-surefire-plugin/xsd/surefire-test-report-3.0.xsd" version="3.0" name="test.jira.xray.RunCucumberTest" time="3.196" tests="5" errors="0" skipped="0" failures="0">
  <properties>
    <property name="java.specification.version" value="17"/>
    <property name="sun.cpu.isalist" value="amd64"/>
    <property name="sun.jnu.encoding" value="Cp1252"/>
    <property name="java.class.path" value="C:\Users\candy.guerrero\eclipse-workspace\xray.jira\target\test-classes;C:\Users\candy.guerrero\eclipse-workspace\xray.jira\target\classes;C:\Users\candy.guerrero\.m2\repository\io\cucumber\cucumber-java\7.9.0\cucumber-java-7.9.0.jar;C:\Users\candy.guerrero\.m2\repository\io\cucumber\cucumber-core\7.9.0\cucumber-core-7.9.0.jar;C:\Users\candy.guerrero\.m2\repository\io\cucumber\cucumber-gherkin\7.9.0\cucumber-gherkin-7.9.0.jar;C:\Users\candy.guerrero\.m2\repository\io\cucumber\cucumber-gherkin-messages\7.9.0\cucumber-gherkin-messages-7.9.0.jar;C:\Users\candy.guerrero\.m2\repository\io\cucumber\gherkin\24.1.0\gherkin-24.1.0.jar;C:\Users\candy.guerrero\.m2\repository\io\cucumber\messages\19.1.4\messages-19.1.4.jar;C:\Users\candy.guerrero\.m2\repository\io\cucumber\tag-expressions\4.1.0\tag-expressions-4.1.0.jar;C:\Users\candy.guerrero\.m2\repository\io\cucumber\cucumber-expressions\16.0.0\cucumber-expressions-16.0.0.jar;C:\Users\candy.guerrero\.m2\repository\io\cucumber\datatable\7.9.0\datatable-7.9.0.jar;C:\Users\candy.guerrero\.m2\repository\io\cucumber\cucumber-plugin\7.9.0\cucumber-plugin-7.9.0.jar;C:\Users\candy.guerrero\.m2\repository\io\cucumber\docstring\7.9.0\docstring-7.9.0.jar;C:\Users\candy.guerrero\.m2\repository\io\cucumber\html-formatter\20.1.0\html-formatter-20.1.0.jar;C:\Users\candy.guerrero\.m2\repository\io\cucumber\ci-environment\9.1.0\ci-environment-9.1.0.jar;C:\Users\candy.guerrero\.m2\repository\org\apiguardian\apiguardian-api\1.1.2\apiguardian-api-1.1.2.jar;C:\Users\candy.guerrero\.m2\repository\io\rest-assured\rest-assured\4.4.0\rest-assured-4.4.0.jar;C:\Users\candy.guerrero\.m2\repository\org\codehaus\groovy\groovy\3.0.8\groovy-3.0.8.jar;C:\Users\candy.guerrero\.m2\repository\org\codehaus\groovy\groovy-xml\3.0.8\groovy-xml-3.0.8.jar;C:\Users\candy.guerrero\.m2\repository\org\apache\httpcomponents\httpclient\4.5.13\httpclient-4.5.13.jar;C:\Users\candy.guerrero\.m2\repository\org\apache\httpcomponents\httpcore\4.4.13\httpcore-4.4.13.jar;C:\Users\candy.guerrero\.m2\repository\commons-logging\commons-logging\1.2\commons-logging-1.2.jar;C:\Users\candy.guerrero\.m2\repository\commons-codec\commons-codec\1.11\commons-codec-1.11.jar;C:\Users\candy.guerrero\.m2\repository\org\apache\httpcomponents\httpmime\4.5.13\httpmime-4.5.13.jar;C:\Users\candy.guerrero\.m2\repository\org\hamcrest\hamcrest\2.1\hamcrest-2.1.jar;C:\Users\candy.guerrero\.m2\repository\org\ccil\cowan\tagsoup\tagsoup\1.2.1\tagsoup-1.2.1.jar;C:\Users\candy.guerrero\.m2\repository\io\rest-assured\json-path\4.4.0\json-path-4.4.0.jar;C:\Users\candy.guerrero\.m2\repository\org\codehaus\groovy\groovy-json\3.0.8\groovy-json-3.0.8.jar;C:\Users\candy.guerrero\.m2\repository\io\rest-assured\rest-assured-common\4.4.0\rest-assured-common-4.4.0.jar;C:\Users\candy.guerrero\.m2\repository\io\rest-assured\xml-path\4.4.0\xml-path-4.4.0.jar;C:\Users\candy.guerrero\.m2\repository\org\apache\commons\commons-lang3\3.11\commons-lang3-3.11.jar;C:\Users\candy.guerrero\.m2\repository\jakarta\xml\bind\jakarta.xml.bind-api\2.3.3\jakarta.xml.bind-api-2.3.3.jar;C:\Users\candy.guerrero\.m2\repository\jakarta\activation\jakarta.activation-api\1.2.2\jakarta.activation-api-1.2.2.jar;C:\Users\candy.guerrero\.m2\repository\com\sun\xml\bind\jaxb-impl\2.3.3\jaxb-impl-2.3.3.jar;C:\Users\candy.guerrero\.m2\repository\io\cucumber\cucumber-junit-platform-engine\7.9.0\cucumber-junit-platform-engine-7.9.0.jar;C:\Users\candy.guerrero\.m2\repository\org\junit\platform\junit-platform-engine\1.9.1\junit-platform-engine-1.9.1.jar;C:\Users\candy.guerrero\.m2\repository\org\opentest4j\opentest4j\1.2.0\opentest4j-1.2.0.jar;C:\Users\candy.guerrero\.m2\repository\org\junit\platform\junit-platform-commons\1.9.1\junit-platform-commons-1.9.1.jar;C:\Users\candy.guerrero\.m2\repository\org\junit\platform\junit-platform-suite\1.9.1\junit-platform-suite-1.9.1.jar;C:\Users\candy.guerrero\.m2\repository\org\junit\platform\junit-platform-suite-api\1.9.1\junit-platform-suite-api-1.9.1.jar;C:\Users\candy.guerrero\.m2\repository\org\junit\platform\junit-platform-suite-engine\1.9.1\junit-platform-suite-engine-1.9.1.jar;C:\Users\candy.guerrero\.m2\repository\org\junit\platform\junit-platform-suite-commons\1.9.1\junit-platform-suite-commons-1.9.1.jar;C:\Users\candy.guerrero\.m2\repository\org\junit\platform\junit-platform-launcher\1.9.1\junit-platform-launcher-1.9.1.jar;C:\Users\candy.guerrero\.m2\repository\org\junit\jupiter\junit-jupiter\5.9.1\junit-jupiter-5.9.1.jar;C:\Users\candy.guerrero\.m2\repository\org\junit\jupiter\junit-jupiter-api\5.9.1\junit-jupiter-api-5.9.1.jar;C:\Users\candy.guerrero\.m2\repository\org\junit\jupiter\junit-jupiter-params\5.9.1\junit-jupiter-params-5.9.1.jar;C:\Users\candy.guerrero\.m2\repository\org\junit\jupiter\junit-jupiter-engine\5.9.1\junit-jupiter-engine-5.9.1.jar;"/>
    <property name="java.vm.vendor" value="Eclipse Adoptium"/>
    <property name="sun.arch.data.model" value="64"/>
    <property name="user.variant" value=""/>
    <property name="java.vendor.url" value="https://adoptium.net/"/>
    <property name="user.timezone" value="America/Bogota"/>
    <property name="os.name" value="Windows 10"/>
    <property name="java.vm.specification.version" value="17"/>
    <property name="sun.java.launcher" value="SUN_STANDARD"/>
    <property name="user.country" value="US"/>
    <property name="sun.boot.library.path" value="C:\Users\candy.guerrero\.p2\pool\plugins\org.eclipse.justj.openjdk.hotspot.jre.full.win32.x86_64_17.0.2.v20220201-1208\jre\bin"/>
    <property name="sun.java.command" value="C:\Users\candy.guerrero\AppData\Local\Temp\surefire4557685220123979212\surefirebooter-20221124100714012_3.jar C:\Users\candy.guerrero\AppData\Local\Temp\surefire4557685220123979212 2022-11-24T10-07-13_397-jvmRun1 surefire-20221124100714012_1tmp surefire_0-20221124100714012_2tmp"/>
    <property name="jdk.debug" value="release"/>
    <property name="surefire.test.class.path" value="C:\Users\candy.guerrero\eclipse-workspace\xray.jira\target\test-classes;C:\Users\candy.guerrero\eclipse-workspace\xray.jira\target\classes;C:\Users\candy.guerrero\.m2\repository\io\cucumber\cucumber-java\7.9.0\cucumber-java-7.9.0.jar;C:\Users\candy.guerrero\.m2\repository\io\cucumber\cucumber-core\7.9.0\cucumber-core-7.9.0.jar;C:\Users\candy.guerrero\.m2\repository\io\cucumber\cucumber-gherkin\7.9.0\cucumber-gherkin-7.9.0.jar;C:\Users\candy.guerrero\.m2\repository\io\cucumber\cucumber-gherkin-messages\7.9.0\cucumber-gherkin-messages-7.9.0.jar;C:\Users\candy.guerrero\.m2\repository\io\cucumber\gherkin\24.1.0\gherkin-24.1.0.jar;C:\Users\candy.guerrero\.m2\repository\io\cucumber\messages\19.1.4\messages-19.1.4.jar;C:\Users\candy.guerrero\.m2\repository\io\cucumber\tag-expressions\4.1.0\tag-expressions-4.1.0.jar;C:\Users\candy.guerrero\.m2\repository\io\cucumber\cucumber-expressions\16.0.0\cucumber-expressions-16.0.0.jar;C:\Users\candy.guerrero\.m2\repository\io\cucumber\datatable\7.9.0\datatable-7.9.0.jar;C:\Users\candy.guerrero\.m2\repository\io\cucumber\cucumber-plugin\7.9.0\cucumber-plugin-7.9.0.jar;C:\Users\candy.guerrero\.m2\repository\io\cucumber\docstring\7.9.0\docstring-7.9.0.jar;C:\Users\candy.guerrero\.m2\repository\io\cucumber\html-formatter\20.1.0\html-formatter-20.1.0.jar;C:\Users\candy.guerrero\.m2\repository\io\cucumber\ci-environment\9.1.0\ci-environment-9.1.0.jar;C:\Users\candy.guerrero\.m2\repository\org\apiguardian\apiguardian-api\1.1.2\apiguardian-api-1.1.2.jar;C:\Users\candy.guerrero\.m2\repository\io\rest-assured\rest-assured\4.4.0\rest-assured-4.4.0.jar;C:\Users\candy.guerrero\.m2\repository\org\codehaus\groovy\groovy\3.0.8\groovy-3.0.8.jar;C:\Users\candy.guerrero\.m2\repository\org\codehaus\groovy\groovy-xml\3.0.8\groovy-xml-3.0.8.jar;C:\Users\candy.guerrero\.m2\repository\org\apache\httpcomponents\httpclient\4.5.13\httpclient-4.5.13.jar;C:\Users\candy.guerrero\.m2\repository\org\apache\httpcomponents\httpcore\4.4.13\httpcore-4.4.13.jar;C:\Users\candy.guerrero\.m2\repository\commons-logging\commons-logging\1.2\commons-logging-1.2.jar;C:\Users\candy.guerrero\.m2\repository\commons-codec\commons-codec\1.11\commons-codec-1.11.jar;C:\Users\candy.guerrero\.m2\repository\org\apache\httpcomponents\httpmime\4.5.13\httpmime-4.5.13.jar;C:\Users\candy.guerrero\.m2\repository\org\hamcrest\hamcrest\2.1\hamcrest-2.1.jar;C:\Users\candy.guerrero\.m2\repository\org\ccil\cowan\tagsoup\tagsoup\1.2.1\tagsoup-1.2.1.jar;C:\Users\candy.guerrero\.m2\repository\io\rest-assured\json-path\4.4.0\json-path-4.4.0.jar;C:\Users\candy.guerrero\.m2\repository\org\codehaus\groovy\groovy-json\3.0.8\groovy-json-3.0.8.jar;C:\Users\candy.guerrero\.m2\repository\io\rest-assured\rest-assured-common\4.4.0\rest-assured-common-4.4.0.jar;C:\Users\candy.guerrero\.m2\repository\io\rest-assured\xml-path\4.4.0\xml-path-4.4.0.jar;C:\Users\candy.guerrero\.m2\repository\org\apache\commons\commons-lang3\3.11\commons-lang3-3.11.jar;C:\Users\candy.guerrero\.m2\repository\jakarta\xml\bind\jakarta.xml.bind-api\2.3.3\jakarta.xml.bind-api-2.3.3.jar;C:\Users\candy.guerrero\.m2\repository\jakarta\activation\jakarta.activation-api\1.2.2\jakarta.activation-api-1.2.2.jar;C:\Users\candy.guerrero\.m2\repository\com\sun\xml\bind\jaxb-impl\2.3.3\jaxb-impl-2.3.3.jar;C:\Users\candy.guerrero\.m2\repository\io\cucumber\cucumber-junit-platform-engine\7.9.0\cucumber-junit-platform-engine-7.9.0.jar;C:\Users\candy.guerrero\.m2\repository\org\junit\platform\junit-platform-engine\1.9.1\junit-platform-engine-1.9.1.jar;C:\Users\candy.guerrero\.m2\repository\org\opentest4j\opentest4j\1.2.0\opentest4j-1.2.0.jar;C:\Users\candy.guerrero\.m2\repository\org\junit\platform\junit-platform-commons\1.9.1\junit-platform-commons-1.9.1.jar;C:\Users\candy.guerrero\.m2\repository\org\junit\platform\junit-platform-suite\1.9.1\junit-platform-suite-1.9.1.jar;C:\Users\candy.guerrero\.m2\repository\org\junit\platform\junit-platform-suite-api\1.9.1\junit-platform-suite-api-1.9.1.jar;C:\Users\candy.guerrero\.m2\repository\org\junit\platform\junit-platform-suite-engine\1.9.1\junit-platform-suite-engine-1.9.1.jar;C:\Users\candy.guerrero\.m2\repository\org\junit\platform\junit-platform-suite-commons\1.9.1\junit-platform-suite-commons-1.9.1.jar;C:\Users\candy.guerrero\.m2\repository\org\junit\platform\junit-platform-launcher\1.9.1\junit-platform-launcher-1.9.1.jar;C:\Users\candy.guerrero\.m2\repository\org\junit\jupiter\junit-jupiter\5.9.1\junit-jupiter-5.9.1.jar;C:\Users\candy.guerrero\.m2\repository\org\junit\jupiter\junit-jupiter-api\5.9.1\junit-jupiter-api-5.9.1.jar;C:\Users\candy.guerrero\.m2\repository\org\junit\jupiter\junit-jupiter-params\5.9.1\junit-jupiter-params-5.9.1.jar;C:\Users\candy.guerrero\.m2\repository\org\junit\jupiter\junit-jupiter-engine\5.9.1\junit-jupiter-engine-5.9.1.jar;"/>
    <property name="sun.cpu.endian" value="little"/>
    <property name="user.home" value="C:\Users\candy.guerrero"/>
    <property name="user.language" value="en"/>
    <property name="java.specification.vendor" value="Oracle Corporation"/>
    <property name="java.version.date" value="2022-01-18"/>
    <property name="java.home" value="C:\Users\candy.guerrero\.p2\pool\plugins\org.eclipse.justj.openjdk.hotspot.jre.full.win32.x86_64_17.0.2.v20220201-1208\jre"/>
    <property name="file.separator" value="\"/>
    <property name="basedir" value="C:\Users\candy.guerrero\eclipse-workspace\xray.jira"/>
    <property name="java.vm.compressedOopsMode" value="Zero based"/>
    <property name="line.separator" value="&#10;"/>
    <property name="java.vm.specification.vendor" value="Oracle Corporation"/>
    <property name="java.specification.name" value="Java Platform API Specification"/>
    <property name="surefire.real.class.path" value="C:\Users\candy.guerrero\AppData\Local\Temp\surefire4557685220123979212\surefirebooter-20221124100714012_3.jar"/>
    <property name="user.script" value=""/>
    <property name="sun.management.compiler" value="HotSpot 64-Bit Tiered Compilers"/>
    <property name="java.runtime.version" value="17.0.2+8"/>
    <property name="user.name" value="candy.guerrero"/>
    <property name="path.separator" value=";"/>
    <property name="os.version" value="10.0"/>
    <property name="java.runtime.name" value="OpenJDK Runtime Environment"/>
    <property name="file.encoding" value="Cp1252"/>
    <property name="java.vm.name" value="OpenJDK 64-Bit Server VM"/>
    <property name="java.vendor.version" value="Temurin-17.0.2+8"/>
    <property name="localRepository" value="C:\Users\candy.guerrero\.m2\repository"/>
    <property name="java.vendor.url.bug" value="https://github.com/adoptium/adoptium-support/issues"/>
    <property name="java.io.tmpdir" value="C:\Users\CANDY~1.GUE\AppData\Local\Temp\"/>
    <property name="java.version" value="17.0.2"/>
    <property name="user.dir" value="C:\Users\candy.guerrero\eclipse-workspace\xray.jira"/>
    <property name="os.arch" value="amd64"/>
    <property name="java.vm.specification.name" value="Java Virtual Machine Specification"/>
    <property name="sun.os.patch.level" value=""/>
    <property name="native.encoding" value="Cp1252"/>
    <property name="java.library.path" value="C:\Users\candy.guerrero\.p2\pool\plugins\org.eclipse.justj.openjdk.hotspot.jre.full.win32.x86_64_17.0.2.v20220201-1208\jre\bin;C:\windows\Sun\Java\bin;C:\windows\system32;C:\windows;C:/Users/candy.guerrero/.p2/pool/plugins/org.eclipse.justj.openjdk.hotspot.jre.full.win32.x86_64_17.0.2.v20220201-1208/jre/bin/server;C:/Users/candy.guerrero/.p2/pool/plugins/org.eclipse.justj.openjdk.hotspot.jre.full.win32.x86_64_17.0.2.v20220201-1208/jre/bin;C:\Program Files (x86)\Common Files\Oracle\Java\javapath;C:\windows\system32;C:\windows;C:\windows\System32\Wbem;C:\windows\System32\WindowsPowerShell\v1.0\;C:\windows\System32\OpenSSH\;C:\Program Files\Git\cmd;C:\Program Files\dotnet\;C:\Program Files\Maven\bin;C:\Users\candy.guerrero\Desktop\allure-2.19.0\bin;C:\Users\candy.guerrero\AppData\Roaming\nvm;C:\Program Files\nodejs;C:\Program Files\sc-4.8.0-win32\bin;C:\Program Files (x86)\InvGate\Insight Agent;C:\HashiCorp\Vagrant\bin;C:\project\drivers;C:\Users\candy.guerrero\AppData\Local\Microsoft\WindowsApps;C:\Users\candy.guerrero\AppData\Roaming\nvm;C:\Program Files\nodejs;C:\Users\candy.guerrero\AppData\Local\Programs\Microsoft VS Code\bin;C:\Users\candy.guerrero\Desktop;;."/>
    <property name="java.vm.info" value="mixed mode"/>
    <property name="java.vendor" value="Eclipse Adoptium"/>
    <property name="java.vm.version" value="17.0.2+8"/>
    <property name="sun.io.unicode.encoding" value="UnicodeLittle"/>
    <property name="java.class.version" value="61.0"/>
  </properties>
  <testcase name="Belly - test import 1-Report Junit" classname="Belly" time="0.123">
    <system-out><![CDATA[
@ABC-100 @ABC-122
Scenario: test import 1-Report Junit &amp#27;[90m# test/features/belly.feature:5&amp#27;[0m
GIVEN
  &amp#27;[32mGiven &amp#27;[0m&amp#27;[32mI have &amp#27;[0m&amp#27;[32m&amp#27;[1m42&amp#27;[0m&amp#27;[32m cukes in my belly&amp#27;[0m  &amp#27;[90m# test.jira.xray.StepDefinitions.I_have_cukes_in_my_belly(int)&amp#27;[0m
WHENd
  &amp#27;[32mWhen &amp#27;[0m&amp#27;[32mI wait &amp#27;[0m&amp#27;[32m&amp#27;[1m1&amp#27;[0m&amp#27;[32m hour&amp#27;[0m                 &amp#27;[90m# test.jira.xray.StepDefinitions.I_wait_hours(int)&amp#27;[0m
THEN
  &amp#27;[32mThen &amp#27;[0m&amp#27;[32mmy belly should growl&amp#27;[0m         &amp#27;[90m# test.jira.xray.StepDefinitions.my_belly_should_growl()&amp#27;[0m
]]></system-out>
  </testcase>
  <testcase name="Belly - test import 2-Report Junit" classname="Belly" time="0.008">
    <system-out><![CDATA[
@ABC-100 @ABC-122
Scenario: test import 2-Report Junit &amp#27;[90m# test/features/belly.feature:11&amp#27;[0m
GIVEN
  &amp#27;[32mGiven &amp#27;[0m&amp#27;[32mI have &amp#27;[0m&amp#27;[32m&amp#27;[1m42&amp#27;[0m&amp#27;[32m cukes in my belly&amp#27;[0m  &amp#27;[90m# test.jira.xray.StepDefinitions.I_have_cukes_in_my_belly(int)&amp#27;[0m
WHENd
  &amp#27;[32mWhen &amp#27;[0m&amp#27;[32mI wait &amp#27;[0m&amp#27;[32m&amp#27;[1m1&amp#27;[0m&amp#27;[32m hour&amp#27;[0m                 &amp#27;[90m# test.jira.xray.StepDefinitions.I_wait_hours(int)&amp#27;[0m
THEN
  &amp#27;[32mThen &amp#27;[0m&amp#27;[32mmy belly should growl&amp#27;[0m         &amp#27;[90m# test.jira.xray.StepDefinitions.my_belly_should_growl()&amp#27;[0m
]]></system-out>
  </testcase>
  <testcase name="Belly - test import 3-Report Junit" classname="Belly" time="0.009">
    <system-out><![CDATA[
@ABC-100 @ABC-122
Scenario: test import 3-Report Junit &amp#27;[90m# test/features/belly.feature:17&amp#27;[0m
GIVEN
  &amp#27;[32mGiven &amp#27;[0m&amp#27;[32mI have &amp#27;[0m&amp#27;[32m&amp#27;[1m42&amp#27;[0m&amp#27;[32m cukes in my belly&amp#27;[0m  &amp#27;[90m# test.jira.xray.StepDefinitions.I_have_cukes_in_my_belly(int)&amp#27;[0m
WHENd
  &amp#27;[32mWhen &amp#27;[0m&amp#27;[32mI wait &amp#27;[0m&amp#27;[32m&amp#27;[1m1&amp#27;[0m&amp#27;[32m hour&amp#27;[0m                 &amp#27;[90m# test.jira.xray.StepDefinitions.I_wait_hours(int)&amp#27;[0m
THEN
  &amp#27;[32mThen &amp#27;[0m&amp#27;[32mmy belly should growl&amp#27;[0m         &amp#27;[90m# test.jira.xray.StepDefinitions.my_belly_should_growl()&amp#27;[0m
]]></system-out>
  </testcase>
  <testcase name="Belly - test import 4-Report Junit" classname="Belly" time="0.022">
    <system-out><![CDATA[
@ABC-100 @ABC-122
Scenario: test import 4-Report Junit &amp#27;[90m# test/features/belly.feature:23&amp#27;[0m
GIVEN
  &amp#27;[32mGiven &amp#27;[0m&amp#27;[32mI have &amp#27;[0m&amp#27;[32m&amp#27;[1m42&amp#27;[0m&amp#27;[32m cukes in my belly&amp#27;[0m  &amp#27;[90m# test.jira.xray.StepDefinitions.I_have_cukes_in_my_belly(int)&amp#27;[0m
WHENd
  &amp#27;[32mWhen &amp#27;[0m&amp#27;[32mI wait &amp#27;[0m&amp#27;[32m&amp#27;[1m1&amp#27;[0m&amp#27;[32m hour&amp#27;[0m                 &amp#27;[90m# test.jira.xray.StepDefinitions.I_wait_hours(int)&amp#27;[0m
THEN
  &amp#27;[32mThen &amp#27;[0m&amp#27;[32mmy belly should growl&amp#27;[0m         &amp#27;[90m# test.jira.xray.StepDefinitions.my_belly_should_growl()&amp#27;[0m
]]></system-out>
  </testcase>
  <testcase name="Belly - test import 5-Report Junit" classname="Belly" time="0.013">
    <system-out><![CDATA[
@ABC-100 @ABC-122
Scenario: test import 5-Report Junit &amp#27;[90m# test/features/belly.feature:29&amp#27;[0m
GIVEN
  &amp#27;[32mGiven &amp#27;[0m&amp#27;[32mI have &amp#27;[0m&amp#27;[32m&amp#27;[1m42&amp#27;[0m&amp#27;[32m cukes in my belly&amp#27;[0m  &amp#27;[90m# test.jira.xray.StepDefinitions.I_have_cukes_in_my_belly(int)&amp#27;[0m
WHENd
  &amp#27;[32mWhen &amp#27;[0m&amp#27;[32mI wait &amp#27;[0m&amp#27;[32m&amp#27;[1m1&amp#27;[0m&amp#27;[32m hour&amp#27;[0m                 &amp#27;[90m# test.jira.xray.StepDefinitions.I_wait_hours(int)&amp#27;[0m
THEN
  &amp#27;[32mThen &amp#27;[0m&amp#27;[32mmy belly should growl&amp#27;[0m         &amp#27;[90m# test.jira.xray.StepDefinitions.my_belly_should_growl()&amp#27;[0m
]]></system-out>
  </testcase>
</testsuite>